{"C:\\Users\\108358781\\Documents\\react-native\\pokedex\\src\\data\\cache\\DaysCacheStrategy.ts": {"path":"C:\\Users\\108358781\\Documents\\react-native\\pokedex\\src\\data\\cache\\DaysCacheStrategy.ts","statementMap":{"0":{"start":{"line":4,"column":19},"end":{"line":4,"column":38}},"1":{"start":{"line":7,"column":16},"end":{"line":7,"column":26}},"2":{"start":{"line":8,"column":4},"end":{"line":8,"column":null}},"3":{"start":{"line":12,"column":4},"end":{"line":12,"column":null}},"4":{"start":{"line":3,"column":0},"end":{"line":3,"column":13}}},"fnMap":{"0":{"name":"(anonymous_0)","decl":{"start":{"line":6,"column":2},"end":{"line":6,"column":9}},"loc":{"start":{"line":6,"column":35},"end":{"line":9,"column":3}}},"1":{"name":"(anonymous_1)","decl":{"start":{"line":11,"column":2},"end":{"line":11,"column":8}},"loc":{"start":{"line":11,"column":8},"end":{"line":13,"column":3}}}},"branchMap":{},"s":{"0":1,"1":3,"2":3,"3":1,"4":1},"f":{"0":3,"1":1},"b":{}}
,"C:\\Users\\108358781\\Documents\\react-native\\pokedex\\src\\data\\cache\\HoursCacheStrategy.ts": {"path":"C:\\Users\\108358781\\Documents\\react-native\\pokedex\\src\\data\\cache\\HoursCacheStrategy.ts","statementMap":{"0":{"start":{"line":4,"column":19},"end":{"line":4,"column":33}},"1":{"start":{"line":7,"column":16},"end":{"line":7,"column":26}},"2":{"start":{"line":8,"column":4},"end":{"line":8,"column":null}},"3":{"start":{"line":12,"column":4},"end":{"line":12,"column":null}},"4":{"start":{"line":3,"column":0},"end":{"line":3,"column":13}}},"fnMap":{"0":{"name":"(anonymous_0)","decl":{"start":{"line":6,"column":2},"end":{"line":6,"column":9}},"loc":{"start":{"line":6,"column":35},"end":{"line":9,"column":3}}},"1":{"name":"(anonymous_1)","decl":{"start":{"line":11,"column":2},"end":{"line":11,"column":8}},"loc":{"start":{"line":11,"column":8},"end":{"line":13,"column":3}}}},"branchMap":{},"s":{"0":1,"1":3,"2":3,"3":1,"4":1},"f":{"0":3,"1":1},"b":{}}
,"C:\\Users\\108358781\\Documents\\react-native\\pokedex\\src\\data\\cache\\InfiniteCacheStrategy.ts": {"path":"C:\\Users\\108358781\\Documents\\react-native\\pokedex\\src\\data\\cache\\InfiniteCacheStrategy.ts","statementMap":{"0":{"start":{"line":5,"column":4},"end":{"line":5,"column":null}},"1":{"start":{"line":9,"column":4},"end":{"line":9,"column":null}},"2":{"start":{"line":3,"column":0},"end":{"line":3,"column":13}}},"fnMap":{"0":{"name":"(anonymous_0)","decl":{"start":{"line":4,"column":2},"end":{"line":4,"column":9}},"loc":{"start":{"line":4,"column":36},"end":{"line":6,"column":3}}},"1":{"name":"(anonymous_1)","decl":{"start":{"line":8,"column":2},"end":{"line":8,"column":8}},"loc":{"start":{"line":8,"column":8},"end":{"line":10,"column":3}}}},"branchMap":{},"s":{"0":3,"1":3,"2":2},"f":{"0":3,"1":3},"b":{}}
,"C:\\Users\\108358781\\Documents\\react-native\\pokedex\\src\\data\\cache\\MinutesCacheStrategy.ts": {"path":"C:\\Users\\108358781\\Documents\\react-native\\pokedex\\src\\data\\cache\\MinutesCacheStrategy.ts","statementMap":{"0":{"start":{"line":4,"column":19},"end":{"line":4,"column":33}},"1":{"start":{"line":7,"column":16},"end":{"line":7,"column":26}},"2":{"start":{"line":8,"column":4},"end":{"line":8,"column":null}},"3":{"start":{"line":12,"column":4},"end":{"line":12,"column":null}},"4":{"start":{"line":3,"column":0},"end":{"line":3,"column":13}}},"fnMap":{"0":{"name":"(anonymous_0)","decl":{"start":{"line":6,"column":2},"end":{"line":6,"column":9}},"loc":{"start":{"line":6,"column":35},"end":{"line":9,"column":3}}},"1":{"name":"(anonymous_1)","decl":{"start":{"line":11,"column":2},"end":{"line":11,"column":8}},"loc":{"start":{"line":11,"column":8},"end":{"line":13,"column":3}}}},"branchMap":{},"s":{"0":2,"1":4,"2":4,"3":1,"4":2},"f":{"0":4,"1":1},"b":{}}
,"C:\\Users\\108358781\\Documents\\react-native\\pokedex\\src\\data\\local\\AsyncStorageLocalDataSource.ts": {"path":"C:\\Users\\108358781\\Documents\\react-native\\pokedex\\src\\data\\local\\AsyncStorageLocalDataSource.ts","statementMap":{"0":{"start":{"line":1,"column":0},"end":{"line":1,"column":68}},"1":{"start":{"line":5,"column":23},"end":{"line":5,"column":33}},"2":{"start":{"line":6,"column":24},"end":{"line":6,"column":42}},"3":{"start":{"line":10,"column":4},"end":{"line":20,"column":5}},"4":{"start":{"line":11,"column":25},"end":{"line":11,"column":48}},"5":{"start":{"line":12,"column":19},"end":{"line":12,"column":57}},"6":{"start":{"line":14,"column":6},"end":{"line":14,"column":null}},"7":{"start":{"line":14,"column":17},"end":{"line":14,"column":null}},"8":{"start":{"line":16,"column":6},"end":{"line":16,"column":null}},"9":{"start":{"line":18,"column":6},"end":{"line":18,"column":null}},"10":{"start":{"line":19,"column":6},"end":{"line":19,"column":null}},"11":{"start":{"line":24,"column":4},"end":{"line":37,"column":5}},"12":{"start":{"line":25,"column":25},"end":{"line":25,"column":57}},"13":{"start":{"line":26,"column":50},"end":{"line":29,"column":null}},"14":{"start":{"line":31,"column":6},"end":{"line":31,"column":null}},"15":{"start":{"line":33,"column":6},"end":{"line":33,"column":null}},"16":{"start":{"line":35,"column":6},"end":{"line":35,"column":null}},"17":{"start":{"line":36,"column":6},"end":{"line":36,"column":null}},"18":{"start":{"line":41,"column":4},"end":{"line":48,"column":5}},"19":{"start":{"line":42,"column":25},"end":{"line":42,"column":48}},"20":{"start":{"line":43,"column":6},"end":{"line":43,"column":null}},"21":{"start":{"line":44,"column":6},"end":{"line":44,"column":null}},"22":{"start":{"line":46,"column":6},"end":{"line":46,"column":null}},"23":{"start":{"line":47,"column":6},"end":{"line":47,"column":null}},"24":{"start":{"line":52,"column":4},"end":{"line":63,"column":5}},"25":{"start":{"line":53,"column":19},"end":{"line":53,"column":46}},"26":{"start":{"line":54,"column":6},"end":{"line":54,"column":null}},"27":{"start":{"line":54,"column":29},"end":{"line":54,"column":null}},"28":{"start":{"line":55,"column":26},"end":{"line":55,"column":66}},"29":{"start":{"line":55,"column":42},"end":{"line":55,"column":65}},"30":{"start":{"line":56,"column":20},"end":{"line":56,"column":60}},"31":{"start":{"line":57,"column":6},"end":{"line":59,"column":65}},"32":{"start":{"line":58,"column":31},"end":{"line":58,"column":44}},"33":{"start":{"line":59,"column":28},"end":{"line":59,"column":63}},"34":{"start":{"line":61,"column":6},"end":{"line":61,"column":null}},"35":{"start":{"line":62,"column":6},"end":{"line":62,"column":null}},"36":{"start":{"line":67,"column":4},"end":{"line":76,"column":5}},"37":{"start":{"line":68,"column":19},"end":{"line":68,"column":46}},"38":{"start":{"line":69,"column":26},"end":{"line":69,"column":66}},"39":{"start":{"line":69,"column":42},"end":{"line":69,"column":65}},"40":{"start":{"line":71,"column":6},"end":{"line":71,"column":null}},"41":{"start":{"line":72,"column":6},"end":{"line":72,"column":null}},"42":{"start":{"line":74,"column":6},"end":{"line":74,"column":null}},"43":{"start":{"line":75,"column":6},"end":{"line":75,"column":null}},"44":{"start":{"line":80,"column":20},"end":{"line":80,"column":46}},"45":{"start":{"line":81,"column":4},"end":{"line":81,"column":null}},"46":{"start":{"line":86,"column":4},"end":{"line":86,"column":null}},"47":{"start":{"line":90,"column":4},"end":{"line":100,"column":5}},"48":{"start":{"line":91,"column":19},"end":{"line":91,"column":46}},"49":{"start":{"line":92,"column":21},"end":{"line":92,"column":46}},"50":{"start":{"line":94,"column":6},"end":{"line":97,"column":7}},"51":{"start":{"line":95,"column":8},"end":{"line":95,"column":null}},"52":{"start":{"line":96,"column":8},"end":{"line":96,"column":null}},"53":{"start":{"line":99,"column":6},"end":{"line":99,"column":null}},"54":{"start":{"line":104,"column":4},"end":{"line":111,"column":5}},"55":{"start":{"line":105,"column":19},"end":{"line":105,"column":46}},"56":{"start":{"line":106,"column":21},"end":{"line":106,"column":46}},"57":{"start":{"line":107,"column":23},"end":{"line":107,"column":53}},"58":{"start":{"line":107,"column":40},"end":{"line":107,"column":52}},"59":{"start":{"line":108,"column":6},"end":{"line":108,"column":null}},"60":{"start":{"line":110,"column":6},"end":{"line":110,"column":null}},"61":{"start":{"line":115,"column":4},"end":{"line":121,"column":5}},"62":{"start":{"line":116,"column":23},"end":{"line":116,"column":66}},"63":{"start":{"line":117,"column":6},"end":{"line":117,"column":null}},"64":{"start":{"line":119,"column":6},"end":{"line":119,"column":null}},"65":{"start":{"line":120,"column":6},"end":{"line":120,"column":null}},"66":{"start":{"line":8,"column":0},"end":{"line":8,"column":13}},"67":{"start":{"line":125,"column":13},"end":{"line":125,"column":null}}},"fnMap":{"0":{"name":"(anonymous_1)","decl":{"start":{"line":9,"column":2},"end":{"line":9,"column":7}},"loc":{"start":{"line":9,"column":39},"end":{"line":21,"column":3}}},"1":{"name":"(anonymous_2)","decl":{"start":{"line":23,"column":2},"end":{"line":23,"column":7}},"loc":{"start":{"line":23,"column":42},"end":{"line":38,"column":3}}},"2":{"name":"(anonymous_3)","decl":{"start":{"line":40,"column":2},"end":{"line":40,"column":7}},"loc":{"start":{"line":40,"column":42},"end":{"line":49,"column":3}}},"3":{"name":"(anonymous_4)","decl":{"start":{"line":51,"column":2},"end":{"line":51,"column":7}},"loc":{"start":{"line":51,"column":21},"end":{"line":64,"column":3}}},"4":{"name":"(anonymous_5)","decl":{"start":{"line":55,"column":35},"end":{"line":55,"column":38}},"loc":{"start":{"line":55,"column":42},"end":{"line":55,"column":65}}},"5":{"name":"(anonymous_6)","decl":{"start":{"line":58,"column":16},"end":{"line":58,"column":17}},"loc":{"start":{"line":58,"column":31},"end":{"line":58,"column":44}}},"6":{"name":"(anonymous_7)","decl":{"start":{"line":59,"column":13},"end":{"line":59,"column":14}},"loc":{"start":{"line":59,"column":28},"end":{"line":59,"column":63}}},"7":{"name":"(anonymous_8)","decl":{"start":{"line":66,"column":2},"end":{"line":66,"column":7}},"loc":{"start":{"line":66,"column":16},"end":{"line":77,"column":3}}},"8":{"name":"(anonymous_9)","decl":{"start":{"line":69,"column":35},"end":{"line":69,"column":38}},"loc":{"start":{"line":69,"column":42},"end":{"line":69,"column":65}}},"9":{"name":"(anonymous_10)","decl":{"start":{"line":79,"column":2},"end":{"line":79,"column":7}},"loc":{"start":{"line":79,"column":35},"end":{"line":82,"column":3}}},"10":{"name":"(anonymous_11)","decl":{"start":{"line":85,"column":2},"end":{"line":85,"column":15}},"loc":{"start":{"line":85,"column":36},"end":{"line":87,"column":3}}},"11":{"name":"(anonymous_12)","decl":{"start":{"line":89,"column":2},"end":{"line":89,"column":7}},"loc":{"start":{"line":89,"column":42},"end":{"line":101,"column":3}}},"12":{"name":"(anonymous_13)","decl":{"start":{"line":103,"column":2},"end":{"line":103,"column":7}},"loc":{"start":{"line":103,"column":47},"end":{"line":112,"column":3}}},"13":{"name":"(anonymous_14)","decl":{"start":{"line":107,"column":35},"end":{"line":107,"column":36}},"loc":{"start":{"line":107,"column":40},"end":{"line":107,"column":52}}},"14":{"name":"(anonymous_15)","decl":{"start":{"line":114,"column":2},"end":{"line":114,"column":7}},"loc":{"start":{"line":114,"column":22},"end":{"line":122,"column":3}}}},"branchMap":{"0":{"loc":{"start":{"line":14,"column":6},"end":{"line":14,"column":null}},"type":"if","locations":[{"start":{"line":14,"column":6},"end":{"line":14,"column":null}}]},"1":{"loc":{"start":{"line":54,"column":6},"end":{"line":54,"column":null}},"type":"if","locations":[{"start":{"line":54,"column":6},"end":{"line":54,"column":null}}]},"2":{"loc":{"start":{"line":94,"column":6},"end":{"line":97,"column":7}},"type":"if","locations":[{"start":{"line":94,"column":6},"end":{"line":97,"column":7}}]},"3":{"loc":{"start":{"line":117,"column":13},"end":{"line":117,"column":49}},"type":"cond-expr","locations":[{"start":{"line":117,"column":24},"end":{"line":117,"column":44}},{"start":{"line":117,"column":47},"end":{"line":117,"column":49}}]}},"s":{"0":0,"1":0,"2":0,"3":0,"4":0,"5":0,"6":0,"7":0,"8":0,"9":0,"10":0,"11":0,"12":0,"13":0,"14":0,"15":0,"16":0,"17":0,"18":0,"19":0,"20":0,"21":0,"22":0,"23":0,"24":0,"25":0,"26":0,"27":0,"28":0,"29":0,"30":0,"31":0,"32":0,"33":0,"34":0,"35":0,"36":0,"37":0,"38":0,"39":0,"40":0,"41":0,"42":0,"43":0,"44":0,"45":0,"46":0,"47":0,"48":0,"49":0,"50":0,"51":0,"52":0,"53":0,"54":0,"55":0,"56":0,"57":0,"58":0,"59":0,"60":0,"61":0,"62":0,"63":0,"64":0,"65":0,"66":0,"67":0},"f":{"0":0,"1":0,"2":0,"3":0,"4":0,"5":0,"6":0,"7":0,"8":0,"9":0,"10":0,"11":0,"12":0,"13":0,"14":0},"b":{"0":[0],"1":[0],"2":[0],"3":[0,0]}}
,"C:\\Users\\108358781\\Documents\\react-native\\pokedex\\src\\data\\local\\MemoryLocalDataSource.ts": {"path":"C:\\Users\\108358781\\Documents\\react-native\\pokedex\\src\\data\\local\\MemoryLocalDataSource.ts","statementMap":{"0":{"start":{"line":5,"column":43},"end":{"line":5,"column":52}},"1":{"start":{"line":8,"column":4},"end":{"line":15,"column":5}},"2":{"start":{"line":9,"column":25},"end":{"line":9,"column":48}},"3":{"start":{"line":10,"column":22},"end":{"line":10,"column":53}},"4":{"start":{"line":11,"column":6},"end":{"line":11,"column":null}},"5":{"start":{"line":13,"column":6},"end":{"line":13,"column":null}},"6":{"start":{"line":14,"column":6},"end":{"line":14,"column":null}},"7":{"start":{"line":19,"column":4},"end":{"line":30,"column":5}},"8":{"start":{"line":20,"column":25},"end":{"line":20,"column":57}},"9":{"start":{"line":21,"column":50},"end":{"line":24,"column":null}},"10":{"start":{"line":25,"column":6},"end":{"line":25,"column":null}},"11":{"start":{"line":26,"column":6},"end":{"line":26,"column":null}},"12":{"start":{"line":28,"column":6},"end":{"line":28,"column":null}},"13":{"start":{"line":29,"column":6},"end":{"line":29,"column":null}},"14":{"start":{"line":34,"column":4},"end":{"line":40,"column":5}},"15":{"start":{"line":35,"column":25},"end":{"line":35,"column":48}},"16":{"start":{"line":36,"column":6},"end":{"line":36,"column":null}},"17":{"start":{"line":38,"column":6},"end":{"line":38,"column":null}},"18":{"start":{"line":39,"column":6},"end":{"line":39,"column":null}},"19":{"start":{"line":44,"column":4},"end":{"line":49,"column":5}},"20":{"start":{"line":45,"column":6},"end":{"line":45,"column":null}},"21":{"start":{"line":47,"column":6},"end":{"line":47,"column":null}},"22":{"start":{"line":48,"column":6},"end":{"line":48,"column":null}},"23":{"start":{"line":53,"column":4},"end":{"line":58,"column":5}},"24":{"start":{"line":54,"column":6},"end":{"line":54,"column":null}},"25":{"start":{"line":56,"column":6},"end":{"line":56,"column":null}},"26":{"start":{"line":57,"column":6},"end":{"line":57,"column":null}},"27":{"start":{"line":62,"column":20},"end":{"line":62,"column":46}},"28":{"start":{"line":63,"column":4},"end":{"line":63,"column":null}},"29":{"start":{"line":67,"column":4},"end":{"line":67,"column":null}},"30":{"start":{"line":4,"column":0},"end":{"line":4,"column":13}},"31":{"start":{"line":71,"column":13},"end":{"line":71,"column":null}}},"fnMap":{"0":{"name":"(anonymous_0)","decl":{"start":{"line":7,"column":2},"end":{"line":7,"column":7}},"loc":{"start":{"line":7,"column":39},"end":{"line":16,"column":3}}},"1":{"name":"(anonymous_1)","decl":{"start":{"line":18,"column":2},"end":{"line":18,"column":7}},"loc":{"start":{"line":18,"column":42},"end":{"line":31,"column":3}}},"2":{"name":"(anonymous_2)","decl":{"start":{"line":33,"column":2},"end":{"line":33,"column":7}},"loc":{"start":{"line":33,"column":42},"end":{"line":41,"column":3}}},"3":{"name":"(anonymous_3)","decl":{"start":{"line":43,"column":2},"end":{"line":43,"column":7}},"loc":{"start":{"line":43,"column":21},"end":{"line":50,"column":3}}},"4":{"name":"(anonymous_4)","decl":{"start":{"line":52,"column":2},"end":{"line":52,"column":7}},"loc":{"start":{"line":52,"column":16},"end":{"line":59,"column":3}}},"5":{"name":"(anonymous_5)","decl":{"start":{"line":61,"column":2},"end":{"line":61,"column":7}},"loc":{"start":{"line":61,"column":35},"end":{"line":64,"column":3}}},"6":{"name":"(anonymous_6)","decl":{"start":{"line":66,"column":2},"end":{"line":66,"column":15}},"loc":{"start":{"line":66,"column":36},"end":{"line":68,"column":3}}}},"branchMap":{"0":{"loc":{"start":{"line":11,"column":13},"end":{"line":11,"column":28}},"type":"binary-expr","locations":[{"start":{"line":11,"column":13},"end":{"line":11,"column":20}},{"start":{"line":11,"column":24},"end":{"line":11,"column":28}}]}},"s":{"0":19,"1":15,"2":15,"3":15,"4":15,"5":0,"6":0,"7":14,"8":14,"9":14,"10":14,"11":14,"12":0,"13":0,"14":1,"15":1,"16":1,"17":0,"18":0,"19":5,"20":5,"21":0,"22":0,"23":2,"24":2,"25":0,"26":0,"27":2,"28":2,"29":30,"30":2,"31":2},"f":{"0":15,"1":14,"2":1,"3":5,"4":2,"5":2,"6":30},"b":{"0":[15,9]}}
,"C:\\Users\\108358781\\Documents\\react-native\\pokedex\\src\\domain\\constant\\Config.ts": {"path":"C:\\Users\\108358781\\Documents\\react-native\\pokedex\\src\\domain\\constant\\Config.ts","statementMap":{"0":{"start":{"line":1,"column":13},"end":{"line":3,"column":null}}},"fnMap":{},"branchMap":{},"s":{"0":0},"f":{},"b":{}}
,"C:\\Users\\108358781\\Documents\\react-native\\pokedex\\src\\hooks\\usePokemonDetail.ts": {"path":"C:\\Users\\108358781\\Documents\\react-native\\pokedex\\src\\hooks\\usePokemonDetail.ts","statementMap":{"0":{"start":{"line":11,"column":0},"end":{"line":11,"column":16}},"1":{"start":{"line":1,"column":0},"end":{"line":1,"column":44}},"2":{"start":{"line":3,"column":0},"end":{"line":3,"column":70}},"3":{"start":{"line":12,"column":28},"end":{"line":16,"column":4}},"4":{"start":{"line":18,"column":2},"end":{"line":50,"column":17}},"5":{"start":{"line":19,"column":20},"end":{"line":19,"column":24}},"6":{"start":{"line":21,"column":31},"end":{"line":43,"column":5}},"7":{"start":{"line":22,"column":6},"end":{"line":42,"column":7}},"8":{"start":{"line":23,"column":8},"end":{"line":23,"column":72}},"9":{"start":{"line":23,"column":28},"end":{"line":23,"column":69}},"10":{"start":{"line":24,"column":34},"end":{"line":24,"column":76}},"11":{"start":{"line":25,"column":30},"end":{"line":25,"column":80}},"12":{"start":{"line":27,"column":8},"end":{"line":33,"column":9}},"13":{"start":{"line":28,"column":10},"end":{"line":32,"column":13}},"14":{"start":{"line":35,"column":8},"end":{"line":41,"column":9}},"15":{"start":{"line":36,"column":10},"end":{"line":40,"column":13}},"16":{"start":{"line":45,"column":4},"end":{"line":45,"column":25}},"17":{"start":{"line":47,"column":4},"end":{"line":49,"column":6}},"18":{"start":{"line":48,"column":6},"end":{"line":48,"column":24}},"19":{"start":{"line":52,"column":2},"end":{"line":52,"column":15}}},"fnMap":{"0":{"name":"usePokemonDetail","decl":{"start":{"line":11,"column":16},"end":{"line":11,"column":32}},"loc":{"start":{"line":11,"column":58},"end":{"line":53,"column":1}}},"1":{"name":"(anonymous_1)","decl":{"start":{"line":18,"column":12},"end":{"line":18,"column":15}},"loc":{"start":{"line":18,"column":17},"end":{"line":50,"column":3}}},"2":{"name":"(anonymous_2)","decl":{"start":{"line":21,"column":31},"end":{"line":21,"column":36}},"loc":{"start":{"line":21,"column":42},"end":{"line":43,"column":5}}},"3":{"name":"(anonymous_3)","decl":{"start":{"line":23,"column":17},"end":{"line":23,"column":18}},"loc":{"start":{"line":23,"column":28},"end":{"line":23,"column":69}}},"4":{"name":"(anonymous_4)","decl":{"start":{"line":47,"column":11},"end":{"line":47,"column":14}},"loc":{"start":{"line":47,"column":16},"end":{"line":49,"column":5}}}},"branchMap":{"0":{"loc":{"start":{"line":27,"column":8},"end":{"line":33,"column":9}},"type":"if","locations":[{"start":{"line":27,"column":8},"end":{"line":33,"column":9}}]},"1":{"loc":{"start":{"line":35,"column":8},"end":{"line":41,"column":9}},"type":"if","locations":[{"start":{"line":35,"column":8},"end":{"line":41,"column":9}}]},"2":{"loc":{"start":{"line":39,"column":19},"end":{"line":39,"column":79}},"type":"cond-expr","locations":[{"start":{"line":39,"column":44},"end":{"line":39,"column":57}},{"start":{"line":39,"column":60},"end":{"line":39,"column":79}}]}},"s":{"0":0,"1":0,"2":0,"3":0,"4":0,"5":0,"6":0,"7":0,"8":0,"9":0,"10":0,"11":0,"12":0,"13":0,"14":0,"15":0,"16":0,"17":0,"18":0,"19":0},"f":{"0":0,"1":0,"2":0,"3":0,"4":0},"b":{"0":[0],"1":[0],"2":[0,0]}}
,"C:\\Users\\108358781\\Documents\\react-native\\pokedex\\src\\hooks\\usePokemonInfiniteList.ts": {"path":"C:\\Users\\108358781\\Documents\\react-native\\pokedex\\src\\hooks\\usePokemonInfiniteList.ts","statementMap":{"0":{"start":{"line":16,"column":0},"end":{"line":16,"column":16}},"1":{"start":{"line":1,"column":0},"end":{"line":1,"column":65}},"2":{"start":{"line":3,"column":0},"end":{"line":3,"column":70}},"3":{"start":{"line":14,"column":23},"end":{"line":14,"column":25}},"4":{"start":{"line":17,"column":26},"end":{"line":17,"column":55}},"5":{"start":{"line":18,"column":36},"end":{"line":18,"column":50}},"6":{"start":{"line":19,"column":44},"end":{"line":19,"column":59}},"7":{"start":{"line":20,"column":28},"end":{"line":20,"column":57}},"8":{"start":{"line":21,"column":32},"end":{"line":21,"column":46}},"9":{"start":{"line":23,"column":20},"end":{"line":23,"column":29}},"10":{"start":{"line":24,"column":23},"end":{"line":24,"column":36}},"11":{"start":{"line":26,"column":2},"end":{"line":56,"column":9}},"12":{"start":{"line":27,"column":20},"end":{"line":27,"column":24}},"13":{"start":{"line":29,"column":32},"end":{"line":49,"column":5}},"14":{"start":{"line":30,"column":6},"end":{"line":48,"column":7}},"15":{"start":{"line":31,"column":8},"end":{"line":31,"column":27}},"16":{"start":{"line":32,"column":8},"end":{"line":32,"column":23}},"17":{"start":{"line":33,"column":34},"end":{"line":33,"column":76}},"18":{"start":{"line":34,"column":28},"end":{"line":34,"column":96}},"19":{"start":{"line":36,"column":8},"end":{"line":41,"column":9}},"20":{"start":{"line":37,"column":10},"end":{"line":37,"column":31}},"21":{"start":{"line":38,"column":10},"end":{"line":38,"column":30}},"22":{"start":{"line":39,"column":10},"end":{"line":39,"column":59}},"23":{"start":{"line":40,"column":10},"end":{"line":40,"column":45}},"24":{"start":{"line":43,"column":8},"end":{"line":47,"column":9}},"25":{"start":{"line":44,"column":10},"end":{"line":44,"column":30}},"26":{"start":{"line":45,"column":10},"end":{"line":45,"column":77}},"27":{"start":{"line":46,"column":10},"end":{"line":46,"column":28}},"28":{"start":{"line":51,"column":4},"end":{"line":51,"column":26}},"29":{"start":{"line":53,"column":4},"end":{"line":55,"column":6}},"30":{"start":{"line":54,"column":6},"end":{"line":54,"column":24}},"31":{"start":{"line":58,"column":19},"end":{"line":81,"column":21}},"32":{"start":{"line":59,"column":4},"end":{"line":59,"column":54}},"33":{"start":{"line":59,"column":47},"end":{"line":59,"column":54}},"34":{"start":{"line":61,"column":4},"end":{"line":61,"column":32}},"35":{"start":{"line":62,"column":4},"end":{"line":62,"column":27}},"36":{"start":{"line":64,"column":4},"end":{"line":80,"column":5}},"37":{"start":{"line":65,"column":32},"end":{"line":65,"column":74}},"38":{"start":{"line":66,"column":25},"end":{"line":68,"column":null}},"39":{"start":{"line":71,"column":6},"end":{"line":71,"column":50}},"40":{"start":{"line":71,"column":24},"end":{"line":71,"column":48}},"41":{"start":{"line":72,"column":6},"end":{"line":72,"column":21}},"42":{"start":{"line":73,"column":6},"end":{"line":73,"column":54}},"43":{"start":{"line":74,"column":6},"end":{"line":74,"column":42}},"44":{"start":{"line":76,"column":6},"end":{"line":76,"column":92}},"45":{"start":{"line":78,"column":6},"end":{"line":78,"column":30}},"46":{"start":{"line":79,"column":6},"end":{"line":79,"column":35}},"47":{"start":{"line":83,"column":2},"end":{"line":90,"column":4}}},"fnMap":{"0":{"name":"usePokemonInfiniteList","decl":{"start":{"line":16,"column":16},"end":{"line":16,"column":38}},"loc":{"start":{"line":16,"column":38},"end":{"line":91,"column":1}}},"1":{"name":"(anonymous_1)","decl":{"start":{"line":26,"column":12},"end":{"line":26,"column":15}},"loc":{"start":{"line":26,"column":17},"end":{"line":56,"column":3}}},"2":{"name":"(anonymous_2)","decl":{"start":{"line":29,"column":32},"end":{"line":29,"column":37}},"loc":{"start":{"line":29,"column":43},"end":{"line":49,"column":5}}},"3":{"name":"(anonymous_3)","decl":{"start":{"line":53,"column":11},"end":{"line":53,"column":14}},"loc":{"start":{"line":53,"column":16},"end":{"line":55,"column":5}}},"4":{"name":"(anonymous_4)","decl":{"start":{"line":58,"column":31},"end":{"line":58,"column":36}},"loc":{"start":{"line":58,"column":42},"end":{"line":81,"column":3}}},"5":{"name":"(anonymous_5)","decl":{"start":{"line":71,"column":14},"end":{"line":71,"column":15}},"loc":{"start":{"line":71,"column":24},"end":{"line":71,"column":48}}}},"branchMap":{"0":{"loc":{"start":{"line":36,"column":8},"end":{"line":41,"column":9}},"type":"if","locations":[{"start":{"line":36,"column":8},"end":{"line":41,"column":9}}]},"1":{"loc":{"start":{"line":43,"column":8},"end":{"line":47,"column":9}},"type":"if","locations":[{"start":{"line":43,"column":8},"end":{"line":47,"column":9}}]},"2":{"loc":{"start":{"line":45,"column":19},"end":{"line":45,"column":75}},"type":"cond-expr","locations":[{"start":{"line":45,"column":42},"end":{"line":45,"column":53}},{"start":{"line":45,"column":56},"end":{"line":45,"column":75}}]},"3":{"loc":{"start":{"line":59,"column":4},"end":{"line":59,"column":54}},"type":"if","locations":[{"start":{"line":59,"column":4},"end":{"line":59,"column":54}}]},"4":{"loc":{"start":{"line":59,"column":8},"end":{"line":59,"column":45}},"type":"binary-expr","locations":[{"start":{"line":59,"column":8},"end":{"line":59,"column":28}},{"start":{"line":59,"column":32},"end":{"line":59,"column":45}}]},"5":{"loc":{"start":{"line":76,"column":15},"end":{"line":76,"column":90}},"type":"cond-expr","locations":[{"start":{"line":76,"column":38},"end":{"line":76,"column":49}},{"start":{"line":76,"column":52},"end":{"line":76,"column":90}}]}},"s":{"0":0,"1":0,"2":0,"3":0,"4":0,"5":0,"6":0,"7":0,"8":0,"9":0,"10":0,"11":0,"12":0,"13":0,"14":0,"15":0,"16":0,"17":0,"18":0,"19":0,"20":0,"21":0,"22":0,"23":0,"24":0,"25":0,"26":0,"27":0,"28":0,"29":0,"30":0,"31":0,"32":0,"33":0,"34":0,"35":0,"36":0,"37":0,"38":0,"39":0,"40":0,"41":0,"42":0,"43":0,"44":0,"45":0,"46":0,"47":0},"f":{"0":0,"1":0,"2":0,"3":0,"4":0,"5":0},"b":{"0":[0],"1":[0],"2":[0,0],"3":[0],"4":[0,0],"5":[0,0]}}
,"C:\\Users\\108358781\\Documents\\react-native\\pokedex\\src\\hooks\\usePokemonList.ts": {"path":"C:\\Users\\108358781\\Documents\\react-native\\pokedex\\src\\hooks\\usePokemonList.ts","statementMap":{"0":{"start":{"line":11,"column":0},"end":{"line":11,"column":16}},"1":{"start":{"line":1,"column":0},"end":{"line":1,"column":44}},"2":{"start":{"line":3,"column":0},"end":{"line":3,"column":70}},"3":{"start":{"line":12,"column":28},"end":{"line":16,"column":4}},"4":{"start":{"line":18,"column":2},"end":{"line":50,"column":null}},"5":{"start":{"line":19,"column":20},"end":{"line":19,"column":24}},"6":{"start":{"line":21,"column":25},"end":{"line":43,"column":5}},"7":{"start":{"line":22,"column":6},"end":{"line":42,"column":7}},"8":{"start":{"line":23,"column":8},"end":{"line":23,"column":null}},"9":{"start":{"line":23,"column":28},"end":{"line":23,"column":69}},"10":{"start":{"line":24,"column":34},"end":{"line":24,"column":76}},"11":{"start":{"line":25,"column":28},"end":{"line":25,"column":92}},"12":{"start":{"line":27,"column":8},"end":{"line":33,"column":9}},"13":{"start":{"line":28,"column":10},"end":{"line":32,"column":null}},"14":{"start":{"line":35,"column":8},"end":{"line":41,"column":9}},"15":{"start":{"line":36,"column":10},"end":{"line":40,"column":13}},"16":{"start":{"line":45,"column":4},"end":{"line":45,"column":19}},"17":{"start":{"line":47,"column":4},"end":{"line":49,"column":null}},"18":{"start":{"line":48,"column":6},"end":{"line":48,"column":24}},"19":{"start":{"line":52,"column":2},"end":{"line":52,"column":15}}},"fnMap":{"0":{"name":"usePokemonList","decl":{"start":{"line":11,"column":16},"end":{"line":11,"column":30}},"loc":{"start":{"line":11,"column":69},"end":{"line":53,"column":1}}},"1":{"name":"(anonymous_1)","decl":{"start":{"line":18,"column":12},"end":{"line":18,"column":15}},"loc":{"start":{"line":18,"column":17},"end":{"line":50,"column":3}}},"2":{"name":"(anonymous_2)","decl":{"start":{"line":21,"column":25},"end":{"line":21,"column":30}},"loc":{"start":{"line":21,"column":36},"end":{"line":43,"column":5}}},"3":{"name":"(anonymous_3)","decl":{"start":{"line":23,"column":17},"end":{"line":23,"column":18}},"loc":{"start":{"line":23,"column":28},"end":{"line":23,"column":69}}},"4":{"name":"(anonymous_4)","decl":{"start":{"line":47,"column":11},"end":{"line":47,"column":14}},"loc":{"start":{"line":47,"column":16},"end":{"line":49,"column":5}}}},"branchMap":{"0":{"loc":{"start":{"line":11,"column":31},"end":{"line":11,"column":49}},"type":"default-arg","locations":[{"start":{"line":11,"column":47},"end":{"line":11,"column":49}}]},"1":{"loc":{"start":{"line":11,"column":51},"end":{"line":11,"column":69}},"type":"default-arg","locations":[{"start":{"line":11,"column":68},"end":{"line":11,"column":69}}]},"2":{"loc":{"start":{"line":27,"column":8},"end":{"line":33,"column":9}},"type":"if","locations":[{"start":{"line":27,"column":8},"end":{"line":33,"column":9}}]},"3":{"loc":{"start":{"line":35,"column":8},"end":{"line":41,"column":9}},"type":"if","locations":[{"start":{"line":35,"column":8},"end":{"line":41,"column":9}}]},"4":{"loc":{"start":{"line":39,"column":19},"end":{"line":39,"column":79}},"type":"cond-expr","locations":[{"start":{"line":39,"column":44},"end":{"line":39,"column":57}},{"start":{"line":39,"column":60},"end":{"line":39,"column":79}}]}},"s":{"0":0,"1":0,"2":0,"3":0,"4":0,"5":0,"6":0,"7":0,"8":0,"9":0,"10":0,"11":0,"12":0,"13":0,"14":0,"15":0,"16":0,"17":0,"18":0,"19":0},"f":{"0":0,"1":0,"2":0,"3":0,"4":0},"b":{"0":[0],"1":[0],"2":[0],"3":[0],"4":[0,0]}}
,"C:\\Users\\108358781\\Documents\\react-native\\pokedex\\src\\services\\DependencyContainer.ts": {"path":"C:\\Users\\108358781\\Documents\\react-native\\pokedex\\src\\services\\DependencyContainer.ts","statementMap":{"0":{"start":{"line":1,"column":0},"end":{"line":1,"column":68}},"1":{"start":{"line":3,"column":0},"end":{"line":3,"column":85}},"2":{"start":{"line":6,"column":0},"end":{"line":6,"column":79}},"3":{"start":{"line":7,"column":0},"end":{"line":7,"column":74}},"4":{"start":{"line":10,"column":48},"end":{"line":10,"column":52}},"5":{"start":{"line":17,"column":4},"end":{"line":17,"column":60}},"6":{"start":{"line":18,"column":4},"end":{"line":18,"column":58}},"7":{"start":{"line":19,"column":4},"end":{"line":19,"column":49}},"8":{"start":{"line":20,"column":4},"end":{"line":24,"column":6}},"9":{"start":{"line":28,"column":4},"end":{"line":30,"column":5}},"10":{"start":{"line":29,"column":6},"end":{"line":29,"column":63}},"11":{"start":{"line":31,"column":4},"end":{"line":31,"column":40}},"12":{"start":{"line":35,"column":4},"end":{"line":35,"column":33}},"13":{"start":{"line":39,"column":4},"end":{"line":39,"column":34}},"14":{"start":{"line":40,"column":4},"end":{"line":44,"column":6}},"15":{"start":{"line":48,"column":4},"end":{"line":48,"column":38}},"16":{"start":{"line":49,"column":4},"end":{"line":53,"column":6}},"17":{"start":{"line":57,"column":4},"end":{"line":57,"column":32}},"18":{"start":{"line":61,"column":4},"end":{"line":61,"column":61}},"19":{"start":{"line":65,"column":13},"end":{"line":65,"column":69}}},"fnMap":{"0":{"name":"(anonymous_0)","decl":{"start":{"line":16,"column":2},"end":{"line":16,"column":null}},"loc":{"start":{"line":16,"column":2},"end":{"line":25,"column":3}}},"1":{"name":"(anonymous_1)","decl":{"start":{"line":27,"column":2},"end":{"line":27,"column":8}},"loc":{"start":{"line":27,"column":20},"end":{"line":32,"column":3}}},"2":{"name":"(anonymous_2)","decl":{"start":{"line":34,"column":2},"end":{"line":34,"column":22}},"loc":{"start":{"line":34,"column":22},"end":{"line":36,"column":3}}},"3":{"name":"(anonymous_3)","decl":{"start":{"line":38,"column":2},"end":{"line":38,"column":18}},"loc":{"start":{"line":38,"column":43},"end":{"line":45,"column":3}}},"4":{"name":"(anonymous_4)","decl":{"start":{"line":47,"column":2},"end":{"line":47,"column":20}},"loc":{"start":{"line":47,"column":49},"end":{"line":54,"column":3}}},"5":{"name":"(anonymous_5)","decl":{"start":{"line":56,"column":2},"end":{"line":56,"column":20}},"loc":{"start":{"line":56,"column":20},"end":{"line":58,"column":3}}},"6":{"name":"(anonymous_6)","decl":{"start":{"line":60,"column":2},"end":{"line":60,"column":8}},"loc":{"start":{"line":60,"column":14},"end":{"line":62,"column":3}}}},"branchMap":{"0":{"loc":{"start":{"line":28,"column":4},"end":{"line":30,"column":5}},"type":"if","locations":[{"start":{"line":28,"column":4},"end":{"line":30,"column":5}}]}},"s":{"0":0,"1":0,"2":0,"3":0,"4":0,"5":0,"6":0,"7":0,"8":0,"9":0,"10":0,"11":0,"12":0,"13":0,"14":0,"15":0,"16":0,"17":0,"18":0,"19":0},"f":{"0":0,"1":0,"2":0,"3":0,"4":0,"5":0,"6":0},"b":{"0":[0]}}
,"C:\\Users\\108358781\\Documents\\react-native\\pokedex\\src\\services\\PokemonPokeApiRepository.ts": {"path":"C:\\Users\\108358781\\Documents\\react-native\\pokedex\\src\\services\\PokemonPokeApiRepository.ts","statementMap":{"0":{"start":{"line":1,"column":0},"end":{"line":1,"column":50}},"1":{"start":{"line":6,"column":29},"end":{"line":6,"column":35}},"2":{"start":{"line":10,"column":4},"end":{"line":23,"column":5}},"3":{"start":{"line":11,"column":23},"end":{"line":12,"column":null}},"4":{"start":{"line":15,"column":6},"end":{"line":17,"column":7}},"5":{"start":{"line":16,"column":8},"end":{"line":16,"column":null}},"6":{"start":{"line":19,"column":6},"end":{"line":19,"column":null}},"7":{"start":{"line":21,"column":27},"end":{"line":21,"column":81}},"8":{"start":{"line":22,"column":6},"end":{"line":22,"column":null}},"9":{"start":{"line":27,"column":4},"end":{"line":37,"column":5}},"10":{"start":{"line":28,"column":23},"end":{"line":28,"column":77}},"11":{"start":{"line":30,"column":6},"end":{"line":31,"column":null}},"12":{"start":{"line":31,"column":8},"end":{"line":31,"column":null}},"13":{"start":{"line":33,"column":6},"end":{"line":33,"column":null}},"14":{"start":{"line":35,"column":27},"end":{"line":35,"column":81}},"15":{"start":{"line":36,"column":6},"end":{"line":36,"column":null}},"16":{"start":{"line":41,"column":4},"end":{"line":51,"column":5}},"17":{"start":{"line":42,"column":27},"end":{"line":42,"column":67}},"18":{"start":{"line":44,"column":29},"end":{"line":45,"column":81}},"19":{"start":{"line":45,"column":44},"end":{"line":45,"column":79}},"20":{"start":{"line":47,"column":6},"end":{"line":47,"column":null}},"21":{"start":{"line":49,"column":27},"end":{"line":49,"column":81}},"22":{"start":{"line":50,"column":6},"end":{"line":50,"column":null}},"23":{"start":{"line":8,"column":0},"end":{"line":8,"column":13}},"24":{"start":{"line":55,"column":13},"end":{"line":55,"column":null}}},"fnMap":{"0":{"name":"(anonymous_0)","decl":{"start":{"line":9,"column":2},"end":{"line":9,"column":7}},"loc":{"start":{"line":9,"column":61},"end":{"line":24,"column":3}}},"1":{"name":"(anonymous_1)","decl":{"start":{"line":26,"column":2},"end":{"line":26,"column":7}},"loc":{"start":{"line":26,"column":50},"end":{"line":38,"column":3}}},"2":{"name":"(anonymous_2)","decl":{"start":{"line":40,"column":2},"end":{"line":40,"column":7}},"loc":{"start":{"line":40,"column":72},"end":{"line":52,"column":3}}},"3":{"name":"(anonymous_3)","decl":{"start":{"line":45,"column":33},"end":{"line":45,"column":40}},"loc":{"start":{"line":45,"column":44},"end":{"line":45,"column":79}}}},"branchMap":{"0":{"loc":{"start":{"line":9,"column":23},"end":{"line":9,"column":41}},"type":"default-arg","locations":[{"start":{"line":9,"column":39},"end":{"line":9,"column":41}}]},"1":{"loc":{"start":{"line":9,"column":43},"end":{"line":9,"column":61}},"type":"default-arg","locations":[{"start":{"line":9,"column":60},"end":{"line":9,"column":61}}]},"2":{"loc":{"start":{"line":15,"column":6},"end":{"line":17,"column":7}},"type":"if","locations":[{"start":{"line":15,"column":6},"end":{"line":17,"column":7}}]},"3":{"loc":{"start":{"line":21,"column":27},"end":{"line":21,"column":81}},"type":"cond-expr","locations":[{"start":{"line":21,"column":52},"end":{"line":21,"column":65}},{"start":{"line":21,"column":68},"end":{"line":21,"column":81}}]},"4":{"loc":{"start":{"line":30,"column":6},"end":{"line":31,"column":null}},"type":"if","locations":[{"start":{"line":30,"column":6},"end":{"line":31,"column":null}}]},"5":{"loc":{"start":{"line":35,"column":27},"end":{"line":35,"column":81}},"type":"cond-expr","locations":[{"start":{"line":35,"column":52},"end":{"line":35,"column":65}},{"start":{"line":35,"column":68},"end":{"line":35,"column":81}}]},"6":{"loc":{"start":{"line":40,"column":34},"end":{"line":40,"column":52}},"type":"default-arg","locations":[{"start":{"line":40,"column":50},"end":{"line":40,"column":52}}]},"7":{"loc":{"start":{"line":40,"column":54},"end":{"line":40,"column":72}},"type":"default-arg","locations":[{"start":{"line":40,"column":71},"end":{"line":40,"column":72}}]},"8":{"loc":{"start":{"line":49,"column":27},"end":{"line":49,"column":81}},"type":"cond-expr","locations":[{"start":{"line":49,"column":52},"end":{"line":49,"column":65}},{"start":{"line":49,"column":68},"end":{"line":49,"column":81}}]}},"s":{"0":0,"1":0,"2":0,"3":0,"4":0,"5":0,"6":0,"7":0,"8":0,"9":0,"10":0,"11":0,"12":0,"13":0,"14":0,"15":0,"16":0,"17":0,"18":0,"19":0,"20":0,"21":0,"22":0,"23":0,"24":0},"f":{"0":0,"1":0,"2":0,"3":0},"b":{"0":[0],"1":[0],"2":[0],"3":[0,0],"4":[0],"5":[0,0],"6":[0],"7":[0],"8":[0,0]}}
,"C:\\Users\\108358781\\Documents\\react-native\\pokedex\\src\\services\\PokemonRepositoryWithCache.ts": {"path":"C:\\Users\\108358781\\Documents\\react-native\\pokedex\\src\\services\\PokemonRepositoryWithCache.ts","statementMap":{"0":{"start":{"line":18,"column":4},"end":{"line":18,"column":41}},"1":{"start":{"line":19,"column":4},"end":{"line":19,"column":43}},"2":{"start":{"line":20,"column":4},"end":{"line":20,"column":39}},"3":{"start":{"line":24,"column":4},"end":{"line":24,"column":61}},"4":{"start":{"line":28,"column":19},"end":{"line":28,"column":66}},"5":{"start":{"line":30,"column":4},"end":{"line":33,"column":5}},"6":{"start":{"line":31,"column":6},"end":{"line":31,"column":53}},"7":{"start":{"line":32,"column":6},"end":{"line":32,"column":45}},"8":{"start":{"line":35,"column":4},"end":{"line":35,"column":72}},"9":{"start":{"line":36,"column":20},"end":{"line":36,"column":72}},"10":{"start":{"line":38,"column":4},"end":{"line":43,"column":5}},"11":{"start":{"line":39,"column":28},"end":{"line":39,"column":58}},"12":{"start":{"line":40,"column":6},"end":{"line":40,"column":60}},"13":{"start":{"line":42,"column":6},"end":{"line":42,"column":61}},"14":{"start":{"line":45,"column":4},"end":{"line":45,"column":19}},"15":{"start":{"line":49,"column":25},"end":{"line":49,"column":80}},"16":{"start":{"line":51,"column":27},"end":{"line":52,"column":null}},"17":{"start":{"line":52,"column":42},"end":{"line":52,"column":77}},"18":{"start":{"line":55,"column":4},"end":{"line":55,"column":26}},"19":{"start":{"line":59,"column":4},"end":{"line":80,"column":6}},"20":{"start":{"line":70,"column":45},"end":{"line":74,"column":8}},"21":{"start":{"line":75,"column":37},"end":{"line":78,"column":8}},"22":{"start":{"line":84,"column":4},"end":{"line":109,"column":6}},"23":{"start":{"line":99,"column":44},"end":{"line":103,"column":8}},"24":{"start":{"line":104,"column":36},"end":{"line":108,"column":8}},"25":{"start":{"line":113,"column":4},"end":{"line":113,"column":42}},"26":{"start":{"line":117,"column":19},"end":{"line":117,"column":61}},"27":{"start":{"line":118,"column":4},"end":{"line":118,"column":55}},"28":{"start":{"line":118,"column":27},"end":{"line":118,"column":53}},"29":{"start":{"line":122,"column":19},"end":{"line":122,"column":61}},"30":{"start":{"line":123,"column":4},"end":{"line":126,"column":6}},"31":{"start":{"line":8,"column":0},"end":{"line":8,"column":13}}},"fnMap":{"0":{"name":"(anonymous_0)","decl":{"start":{"line":13,"column":2},"end":{"line":13,"column":null}},"loc":{"start":{"line":16,"column":33},"end":{"line":21,"column":3}}},"1":{"name":"(anonymous_1)","decl":{"start":{"line":23,"column":2},"end":{"line":23,"column":7}},"loc":{"start":{"line":23,"column":52},"end":{"line":25,"column":3}}},"2":{"name":"(anonymous_2)","decl":{"start":{"line":27,"column":2},"end":{"line":27,"column":7}},"loc":{"start":{"line":27,"column":50},"end":{"line":46,"column":3}}},"3":{"name":"(anonymous_3)","decl":{"start":{"line":48,"column":2},"end":{"line":48,"column":7}},"loc":{"start":{"line":48,"column":72},"end":{"line":56,"column":3}}},"4":{"name":"(anonymous_4)","decl":{"start":{"line":52,"column":31},"end":{"line":52,"column":38}},"loc":{"start":{"line":52,"column":42},"end":{"line":52,"column":77}}},"5":{"name":"(anonymous_5)","decl":{"start":{"line":58,"column":2},"end":{"line":58,"column":18}},"loc":{"start":{"line":58,"column":41},"end":{"line":81,"column":3}}},"6":{"name":"(anonymous_6)","decl":{"start":{"line":70,"column":39},"end":{"line":70,"column":40}},"loc":{"start":{"line":70,"column":45},"end":{"line":74,"column":8}}},"7":{"name":"(anonymous_7)","decl":{"start":{"line":75,"column":31},"end":{"line":75,"column":32}},"loc":{"start":{"line":75,"column":37},"end":{"line":78,"column":8}}},"8":{"name":"(anonymous_8)","decl":{"start":{"line":83,"column":2},"end":{"line":83,"column":20}},"loc":{"start":{"line":83,"column":42},"end":{"line":110,"column":3}}},"9":{"name":"(anonymous_9)","decl":{"start":{"line":99,"column":38},"end":{"line":99,"column":39}},"loc":{"start":{"line":99,"column":44},"end":{"line":103,"column":8}}},"10":{"name":"(anonymous_10)","decl":{"start":{"line":104,"column":30},"end":{"line":104,"column":31}},"loc":{"start":{"line":104,"column":36},"end":{"line":108,"column":8}}},"11":{"name":"(anonymous_11)","decl":{"start":{"line":112,"column":2},"end":{"line":112,"column":7}},"loc":{"start":{"line":112,"column":18},"end":{"line":114,"column":3}}},"12":{"name":"(anonymous_12)","decl":{"start":{"line":116,"column":2},"end":{"line":116,"column":7}},"loc":{"start":{"line":116,"column":24},"end":{"line":119,"column":3}}},"13":{"name":"(anonymous_13)","decl":{"start":{"line":118,"column":22},"end":{"line":118,"column":23}},"loc":{"start":{"line":118,"column":27},"end":{"line":118,"column":53}}},"14":{"name":"(anonymous_14)","decl":{"start":{"line":121,"column":2},"end":{"line":121,"column":7}},"loc":{"start":{"line":121,"column":21},"end":{"line":127,"column":3}}}},"branchMap":{"0":{"loc":{"start":{"line":30,"column":4},"end":{"line":33,"column":5}},"type":"if","locations":[{"start":{"line":30,"column":4},"end":{"line":33,"column":5}}]},"1":{"loc":{"start":{"line":30,"column":8},"end":{"line":30,"column":61}},"type":"binary-expr","locations":[{"start":{"line":30,"column":8},"end":{"line":30,"column":14}},{"start":{"line":30,"column":18},"end":{"line":30,"column":61}}]},"2":{"loc":{"start":{"line":48,"column":34},"end":{"line":48,"column":52}},"type":"default-arg","locations":[{"start":{"line":48,"column":50},"end":{"line":48,"column":52}}]},"3":{"loc":{"start":{"line":48,"column":54},"end":{"line":48,"column":72}},"type":"default-arg","locations":[{"start":{"line":48,"column":71},"end":{"line":48,"column":72}}]},"4":{"loc":{"start":{"line":92,"column":15},"end":{"line":96,"column":21}},"type":"cond-expr","locations":[{"start":{"line":92,"column":48},"end":{"line":96,"column":10}},{"start":{"line":96,"column":12},"end":{"line":96,"column":21}}]}},"s":{"0":10,"1":10,"2":10,"3":1,"4":8,"5":8,"6":1,"7":1,"8":7,"9":7,"10":7,"11":7,"12":7,"13":0,"14":7,"15":1,"16":1,"17":1,"18":1,"19":9,"20":18,"21":18,"22":3,"23":6,"24":6,"25":1,"26":1,"27":1,"28":1,"29":2,"30":2,"31":1},"f":{"0":10,"1":1,"2":8,"3":1,"4":1,"5":9,"6":18,"7":18,"8":3,"9":6,"10":6,"11":1,"12":1,"13":1,"14":2},"b":{"0":[1],"1":[8,2],"2":[0],"3":[0],"4":[3,0]}}
}
